<?xml version="1.0" encoding="utf-8"?><testsuites name="pytest tests"><testsuite name="pytest" errors="0" failures="0" skipped="0" tests="432" time="0.715" timestamp="2026-07-23T03:41:02.750021+00:00" hostname="runnervm3jd5f"><testcase classname="tests.test_adapters" name="test_adapter_record[gaussian]" time="0.001" /><testcase classname="tests.test_adapters" name="test_adapter_record[orca]" time="0.000" /><testcase classname="tests.test_adapters" name="test_adapter_record[psi4]" time="0.000" /><testcase classname="tests.test_adapters" name="test_adapter_record[pyscf]" time="0.000" /><testcase classname="tests.test_adapters" name="test_adapter_record[quantum-espresso]" time="0.000" /><testcase classname="tests.test_adapters" name="test_adapter_record[cp2k]" time="0.000" /><testcase classname="tests.test_adapters" name="test_adapter_record[vasp]" time="0.000" /><testcase classname="tests.test_adapters" name="test_adapter_record[abacus]" time="0.000" /><testcase classname="tests.test_adapters" name="test_adapter_record[gpaw]" time="0.000" /><testcase classname="tests.test_adapters" name="test_adapter_record[ase-pymatgen]" time="0.000" /><testcase classname="tests.test_adapters" name="test_adapter_record[gromacs]" time="0.000" /><testcase classname="tests.test_adapters" name="test_adapter_record[openmm]" time="0.000" /><testcase classname="tests.test_adapters" name="test_adapter_record[lammps]" time="0.000" /><testcase classname="tests.test_adapters" name="test_adapter_record[plumed]" time="0.000" /><testcase classname="tests.test_adapters" name="test_adapter_record[deepmd]" time="0.000" /><testcase classname="tests.test_adapters" name="test_adapter_record[mace]" time="0.000" /><testcase classname="tests.test_adapters" name="test_adapter_record[dolfinx]" time="0.000" /><testcase classname="tests.test_adapters" name="test_adapter_record[moose]" time="0.000" /><testcase classname="tests.test_adapters" name="test_adapter_record[elmer]" time="0.000" /><testcase classname="tests.test_adapters" name="test_adapter_record[kratos]" time="0.000" /><testcase classname="tests.test_adapters" name="test_adapter_record[openfoam]" time="0.000" /><testcase classname="tests.test_adapters" name="test_adapter_record[su2]" time="0.000" /><testcase classname="tests.test_adapters" name="test_adapter_record[dwsim]" time="0.000" /><testcase classname="tests.test_adapters" name="test_adapter_record[idaes-pyomo]" time="0.000" /><testcase classname="tests.test_adapters" name="test_adapter_record[openmodelica]" time="0.000" /><testcase classname="tests.test_adapters" name="test_adapter_record[cantera-rmg]" time="0.000" /><testcase classname="tests.test_adapters" name="test_adapter_record[aspen]" time="0.001" /><testcase classname="tests.test_capabilities" name="test_capability_record[TSC-001]" time="0.000" /><testcase classname="tests.test_capabilities" name="test_capability_record[TSC-002]" time="0.000" /><testcase classname="tests.test_capabilities" name="test_capability_record[TSC-003]" time="0.000" /><testcase classname="tests.test_capabilities" name="test_capability_record[TSC-004]" time="0.000" /><testcase classname="tests.test_capabilities" name="test_capability_record[TSC-005]" time="0.000" /><testcase classname="tests.test_capabilities" name="test_capability_record[TSC-006]" time="0.000" /><testcase classname="tests.test_capabilities" name="test_capability_record[TSC-007]" time="0.000" /><testcase classname="tests.test_capabilities" name="test_capability_record[TSC-008]" time="0.000" /><testcase classname="tests.test_capabilities" name="test_capability_record[TSC-009]" time="0.000" /><testcase classname="tests.test_capabilities" name="test_capability_record[TSC-010]" time="0.000" /><testcase classname="tests.test_capabilities" name="test_capability_record[TSC-011]" time="0.000" /><testcase classname="tests.test_capabilities" name="test_capability_record[TSC-012]" time="0.000" /><testcase classname="tests.test_capabilities" name="test_capability_record[TSC-013]" time="0.000" /><testcase classname="tests.test_capabilities" name="test_capability_record[TSC-014]" time="0.000" /><testcase classname="tests.test_capabilities" name="test_capability_record[TSC-015]" time="0.000" /><testcase classname="tests.test_capabilities" name="test_capability_record[TSC-016]" time="0.000" /><testcase classname="tests.test_capabilities" name="test_capability_record[TSC-017]" time="0.000" /><testcase classname="tests.test_capabilities" name="test_capability_record[TSC-018]" time="0.000" /><testcase classname="tests.test_capabilities" name="test_capability_record[TSC-019]" time="0.000" /><testcase classname="tests.test_capabilities" name="test_capability_record[TSC-020]" time="0.000" /><testcase classname="tests.test_capabilities" name="test_capability_record[TSC-021]" time="0.000" /><testcase classname="tests.test_capabilities" name="test_capability_record[TSC-022]" time="0.000" /><testcase classname="tests.test_capabilities" name="test_capability_record[TSC-023]" time="0.000" /><testcase classname="tests.test_capabilities" name="test_capability_record[TSC-024]" time="0.000" /><testcase classname="tests.test_capabilities" name="test_capability_record[TSC-025]" time="0.000" /><testcase classname="tests.test_capabilities" name="test_capability_record[TSC-026]" time="0.000" /><testcase classname="tests.test_capabilities" name="test_capability_record[TSC-027]" time="0.000" /><testcase classname="tests.test_capabilities" name="test_capability_record[TSC-028]" time="0.000" /><testcase classname="tests.test_capabilities" name="test_capability_record[TSC-029]" time="0.000" /><testcase classname="tests.test_capabilities" name="test_capability_record[TSC-030]" time="0.000" /><testcase classname="tests.test_capabilities" name="test_capability_record[TSC-031]" time="0.000" /><testcase classname="tests.test_capabilities" name="test_capability_record[TSC-032]" time="0.000" /><testcase classname="tests.test_capabilities" name="test_capability_record[TSC-033]" time="0.000" /><testcase classname="tests.test_capabilities" name="test_capability_record[TSC-034]" time="0.000" /><testcase classname="tests.test_capabilities" name="test_capability_record[TSC-035]" time="0.000" /><testcase classname="tests.test_capabilities" name="test_capability_record[TSC-036]" time="0.000" /><testcase classname="tests.test_capabilities" name="test_capability_record[TSC-037]" time="0.000" /><testcase classname="tests.test_capabilities" name="test_capability_record[TSC-038]" time="0.000" /><testcase classname="tests.test_capabilities" name="test_capability_record[TSC-039]" time="0.000" /><testcase classname="tests.test_capabilities" name="test_capability_record[TSC-040]" time="0.000" /><testcase classname="tests.test_capabilities" name="test_capability_record[TSC-041]" time="0.000" /><testcase classname="tests.test_capabilities" name="test_capability_record[TSC-042]" time="0.000" /><testcase classname="tests.test_capabilities" name="test_capability_record[TSC-043]" time="0.000" /><testcase classname="tests.test_capabilities" name="test_capability_record[TSC-044]" time="0.000" /><testcase classname="tests.test_capabilities" name="test_capability_record[TSC-045]" time="0.000" /><testcase classname="tests.test_capabilities" name="test_capability_record[TSC-046]" time="0.000" /><testcase classname="tests.test_capabilities" name="test_capability_record[TSC-047]" time="0.000" /><testcase classname="tests.test_capabilities" name="test_capability_record[TSC-048]" time="0.000" /><testcase classname="tests.test_capabilities" name="test_capability_record[TSC-049]" time="0.000" /><testcase classname="tests.test_capabilities" name="test_capability_record[TSC-050]" time="0.000" /><testcase classname="tests.test_capabilities" name="test_capability_record[TSC-051]" time="0.000" /><testcase classname="tests.test_capabilities" name="test_capability_record[TSC-052]" time="0.000" /><testcase classname="tests.test_capabilities" name="test_capability_record[TSC-053]" time="0.000" /><testcase classname="tests.test_capabilities" name="test_capability_record[TSC-054]" time="0.000" /><testcase classname="tests.test_capabilities" name="test_capability_record[TSC-055]" time="0.000" /><testcase classname="tests.test_capabilities" name="test_capability_record[TSC-056]" time="0.000" /><testcase classname="tests.test_capabilities" name="test_capability_record[TSC-057]" time="0.000" /><testcase classname="tests.test_capabilities" name="test_capability_record[TSC-058]" time="0.000" /><testcase classname="tests.test_capabilities" name="test_capability_record[TSC-059]" time="0.000" /><testcase classname="tests.test_capabilities" name="test_capability_record[TSC-060]" time="0.000" /><testcase classname="tests.test_capabilities" name="test_capability_record[TSC-061]" time="0.000" /><testcase classname="tests.test_capabilities" name="test_capability_record[TSC-062]" time="0.000" /><testcase classname="tests.test_capabilities" name="test_capability_record[TSC-063]" time="0.000" /><testcase classname="tests.test_capabilities" name="test_capability_record[TSC-064]" time="0.000" /><testcase classname="tests.test_capabilities" name="test_capability_record[TSC-065]" time="0.000" /><testcase classname="tests.test_capabilities" name="test_capability_record[TSC-066]" time="0.000" /><testcase classname="tests.test_capabilities" name="test_capability_record[TSC-067]" time="0.000" /><testcase classname="tests.test_capabilities" name="test_capability_record[TSC-068]" time="0.000" /><testcase classname="tests.test_capabilities" name="test_capability_record[TSC-069]" time="0.000" /><testcase classname="tests.test_capabilities" name="test_capability_record[TSC-070]" time="0.000" /><testcase classname="tests.test_capabilities" name="test_capability_record[TSC-071]" time="0.000" /><testcase classname="tests.test_capabilities" name="test_capability_record[TSC-072]" time="0.000" /><testcase classname="tests.test_capabilities" name="test_capability_record[TSC-073]" time="0.000" /><testcase classname="tests.test_capabilities" name="test_capability_record[TSC-074]" time="0.000" /><testcase classname="tests.test_capabilities" name="test_capability_record[TSC-075]" time="0.000" /><testcase classname="tests.test_capabilities" name="test_capability_record[TSC-076]" time="0.000" /><testcase classname="tests.test_capabilities" name="test_capability_record[TSC-077]" time="0.000" /><testcase classname="tests.test_capabilities" name="test_capability_record[TSC-078]" time="0.000" /><testcase classname="tests.test_capabilities" name="test_capability_record[TSC-079]" time="0.000" /><testcase classname="tests.test_capabilities" name="test_capability_record[TSC-080]" time="0.000" /><testcase classname="tests.test_capabilities" name="test_capability_record[TSC-081]" time="0.000" /><testcase classname="tests.test_capabilities" name="test_capability_record[TSC-082]" time="0.000" /><testcase classname="tests.test_capabilities" name="test_capability_record[TSC-083]" time="0.000" /><testcase classname="tests.test_capabilities" name="test_capability_record[TSC-084]" time="0.000" /><testcase classname="tests.test_capabilities" name="test_capability_record[TSC-085]" time="0.000" /><testcase classname="tests.test_capabilities" name="test_capability_record[TSC-086]" time="0.000" /><testcase classname="tests.test_capabilities" name="test_capability_record[TSC-087]" time="0.000" /><testcase classname="tests.test_capabilities" name="test_capability_record[TSC-088]" time="0.000" /><testcase classname="tests.test_capabilities" name="test_capability_record[TSC-089]" time="0.000" /><testcase classname="tests.test_capabilities" name="test_capability_record[TSC-090]" time="0.000" /><testcase classname="tests.test_capabilities" name="test_capability_record[TSC-091]" time="0.000" /><testcase classname="tests.test_capabilities" name="test_capability_record[TSC-092]" time="0.000" /><testcase classname="tests.test_capabilities" name="test_capability_record[TSC-093]" time="0.000" /><testcase classname="tests.test_capabilities" name="test_capability_record[TSC-094]" time="0.000" /><testcase classname="tests.test_capabilities" name="test_capability_record[TSC-095]" time="0.000" /><testcase classname="tests.test_capabilities" name="test_capability_record[TSC-096]" time="0.000" /><testcase classname="tests.test_capabilities" name="test_capability_record[TSC-097]" time="0.000" /><testcase classname="tests.test_capabilities" name="test_capability_record[TSC-098]" time="0.001" /><testcase classname="tests.test_capabilities" name="test_capability_record[TSC-099]" time="0.000" /><testcase classname="tests.test_capabilities" name="test_capability_record[TSC-100]" time="0.000" /><testcase classname="tests.test_capabilities" name="test_capability_record[TSC-101]" time="0.000" /><testcase classname="tests.test_capabilities" name="test_capability_record[TSC-102]" time="0.000" /><testcase classname="tests.test_capabilities" name="test_capability_record[TSC-103]" time="0.000" /><testcase classname="tests.test_capabilities" name="test_capability_record[TSC-104]" time="0.000" /><testcase classname="tests.test_capabilities" name="test_capability_record[TSC-105]" time="0.000" /><testcase classname="tests.test_capabilities" name="test_capability_record[TSC-106]" time="0.000" /><testcase classname="tests.test_capabilities" name="test_capability_record[TSC-107]" time="0.000" /><testcase classname="tests.test_capabilities" name="test_capability_record[TSC-108]" time="0.000" /><testcase classname="tests.test_capabilities" name="test_capability_record[TSC-109]" time="0.000" /><testcase classname="tests.test_capabilities" name="test_capability_record[TSC-110]" time="0.000" /><testcase classname="tests.test_capabilities" name="test_capability_record[TSC-111]" time="0.000" /><testcase classname="tests.test_capabilities" name="test_capability_record[TSC-112]" time="0.000" /><testcase classname="tests.test_capabilities" name="test_capability_record[TSC-113]" time="0.000" /><testcase classname="tests.test_capabilities" name="test_capability_record[TSC-114]" time="0.000" /><testcase classname="tests.test_capabilities" name="test_capability_record[TSC-115]" time="0.000" /><testcase classname="tests.test_capabilities" name="test_capability_record[TSC-116]" time="0.000" /><testcase classname="tests.test_capabilities" name="test_capability_record[TSC-117]" time="0.000" /><testcase classname="tests.test_capabilities" name="test_capability_record[TSC-118]" time="0.000" /><testcase classname="tests.test_capabilities" name="test_capability_record[TSC-119]" time="0.000" /><testcase classname="tests.test_capabilities" name="test_capability_record[TSC-120]" time="0.000" /><testcase classname="tests.test_capabilities" name="test_capability_record[TSC-121]" time="0.000" /><testcase classname="tests.test_capabilities" name="test_capability_record[TSC-122]" time="0.000" /><testcase classname="tests.test_capabilities" name="test_capability_record[TSC-123]" time="0.000" /><testcase classname="tests.test_capabilities" name="test_capability_record[TSC-124]" time="0.000" /><testcase classname="tests.test_capabilities" name="test_capability_record[TSC-125]" time="0.000" /><testcase classname="tests.test_capabilities" name="test_capability_record[TSC-126]" time="0.000" /><testcase classname="tests.test_capabilities" name="test_capability_record[TSC-127]" time="0.000" /><testcase classname="tests.test_capabilities" name="test_capability_record[TSC-128]" time="0.000" /><testcase classname="tests.test_capabilities" name="test_capability_record[TSC-129]" time="0.000" /><testcase classname="tests.test_capabilities" name="test_capability_record[TSC-130]" time="0.000" /><testcase classname="tests.test_capabilities" name="test_capability_record[TSC-131]" time="0.000" /><testcase classname="tests.test_capabilities" name="test_capability_record[TSC-132]" time="0.000" /><testcase classname="tests.test_capabilities" name="test_capability_record[TSC-133]" time="0.000" /><testcase classname="tests.test_capabilities" name="test_capability_record[TSC-134]" time="0.000" /><testcase classname="tests.test_capabilities" name="test_capability_record[TSC-135]" time="0.000" /><testcase classname="tests.test_capabilities" name="test_capability_record[TSC-136]" time="0.000" /><testcase classname="tests.test_capabilities" name="test_capability_record[TSC-137]" time="0.000" /><testcase classname="tests.test_capabilities" name="test_capability_record[TSC-138]" time="0.000" /><testcase classname="tests.test_capabilities" name="test_capability_record[TSC-139]" time="0.000" /><testcase classname="tests.test_capabilities" name="test_capability_record[TSC-140]" time="0.000" /><testcase classname="tests.test_capabilities" name="test_capability_record[TSC-141]" time="0.000" /><testcase classname="tests.test_capabilities" name="test_capability_record[TSC-142]" time="0.000" /><testcase classname="tests.test_capabilities" name="test_capability_record[TSC-143]" time="0.000" /><testcase classname="tests.test_capabilities" name="test_capability_record[TSC-144]" time="0.000" /><testcase classname="tests.test_capabilities" name="test_capability_record[TSC-145]" time="0.000" /><testcase classname="tests.test_capabilities" name="test_capability_record[TSC-146]" time="0.000" /><testcase classname="tests.test_capabilities" name="test_capability_record[TSC-147]" time="0.000" /><testcase classname="tests.test_capabilities" name="test_capability_record[TSC-148]" time="0.000" /><testcase classname="tests.test_capabilities" name="test_capability_record[TSC-149]" time="0.000" /><testcase classname="tests.test_capabilities" name="test_capability_record[TSC-150]" time="0.000" /><testcase classname="tests.test_capabilities" name="test_capability_record[TSC-151]" time="0.000" /><testcase classname="tests.test_capabilities" name="test_capability_record[TSC-152]" time="0.000" /><testcase classname="tests.test_capabilities" name="test_capability_record[TSC-153]" time="0.000" /><testcase classname="tests.test_capabilities" name="test_capability_record[TSC-154]" time="0.000" /><testcase classname="tests.test_capabilities" name="test_capability_record[TSC-155]" time="0.000" /><testcase classname="tests.test_capabilities" name="test_capability_record[TSC-156]" time="0.000" /><testcase classname="tests.test_capabilities" name="test_capability_record[TSC-157]" time="0.000" /><testcase classname="tests.test_capabilities" name="test_capability_record[TSC-158]" time="0.000" /><testcase classname="tests.test_capabilities" name="test_capability_record[TSC-159]" time="0.000" /><testcase classname="tests.test_capabilities" name="test_capability_record[TSC-160]" time="0.000" /><testcase classname="tests.test_capabilities" name="test_capability_record[TSC-161]" time="0.000" /><testcase classname="tests.test_capabilities" name="test_capability_record[TSC-162]" time="0.000" /><testcase classname="tests.test_capabilities" name="test_capability_record[TSC-163]" time="0.000" /><testcase classname="tests.test_capabilities" name="test_capability_record[TSC-164]" time="0.000" /><testcase classname="tests.test_capabilities" name="test_capability_index_file[problem-decomposition]" time="0.000" /><testcase classname="tests.test_capabilities" name="test_capability_index_file[scale-boundary-identification]" time="0.000" /><testcase classname="tests.test_capabilities" name="test_capability_index_file[method-fitness-assessment]" time="0.000" /><testcase classname="tests.test_capabilities" name="test_capability_index_file[multi-fidelity-plan]" time="0.000" /><testcase classname="tests.test_capabilities" name="test_capability_index_file[molecular-geometry-optimization]" time="0.000" /><testcase classname="tests.test_capabilities" name="test_capability_index_file[harmonic-frequency-analysis]" time="0.000" /><testcase classname="tests.test_capabilities" name="test_capability_index_file[single-point-energy]" time="0.000" /><testcase classname="tests.test_capabilities" name="test_capability_index_file[conformer-search-plan]" time="0.000" /><testcase classname="tests.test_capabilities" name="test_capability_index_file[transition-state-search]" time="0.000" /><testcase classname="tests.test_capabilities" name="test_capability_index_file[intrinsic-reaction-coordinate]" time="0.000" /><testcase classname="tests.test_capabilities" name="test_capability_index_file[solvation-model-selection]" time="0.000" /><testcase classname="tests.test_capabilities" name="test_capability_index_file[charge-population-analysis]" time="0.000" /><testcase classname="tests.test_capabilities" name="test_capability_index_file[frontier-orbital-analysis]" time="0.000" /><testcase classname="tests.test_capabilities" name="test_capability_index_file[excited-state-screening]" time="0.000" /><testcase classname="tests.test_capabilities" name="test_capability_index_file[thermochemistry-correction]" time="0.000" /><testcase classname="tests.test_capabilities" name="test_capability_index_file[basis-method-convergence]" time="0.000" /><testcase classname="tests.test_capabilities" name="test_capability_index_file[crystal-structure-relaxation]" time="0.000" /><testcase classname="tests.test_capabilities" name="test_capability_index_file[equation-of-state]" time="0.000" /><testcase classname="tests.test_capabilities" name="test_capability_index_file[kpoint-convergence]" time="0.000" /><testcase classname="tests.test_capabilities" name="test_capability_index_file[cutoff-convergence]" time="0.000" /><testcase classname="tests.test_capabilities" name="test_capability_index_file[band-structure]" time="0.000" /><testcase classname="tests.test_capabilities" name="test_capability_index_file[density-of-states]" time="0.000" /><testcase classname="tests.test_capabilities" name="test_capability_index_file[surface-energy]" time="0.000" /><testcase classname="tests.test_capabilities" name="test_capability_index_file[adsorption-energy]" time="0.000" /><testcase classname="tests.test_capabilities" name="test_capability_index_file[point-defect-formation]" time="0.000" /><testcase classname="tests.test_capabilities" name="test_capability_index_file[phonon-stability]" time="0.000" /><testcase classname="tests.test_capabilities" name="test_capability_index_file[ab-initio-molecular-dynamics]" time="0.000" /><testcase classname="tests.test_capabilities" name="test_capability_index_file[periodic-charge-correction]" time="0.003" /><testcase classname="tests.test_capabilities" name="test_capability_index_file[neb-pathway]" time="0.000" /><testcase classname="tests.test_capabilities" name="test_capability_index_file[climbing-image-neb]" time="0.000" /><testcase classname="tests.test_capabilities" name="test_capability_index_file[string-method-plan]" time="0.000" /><testcase classname="tests.test_capabilities" name="test_capability_index_file[barrier-validation]" time="0.000" /><testcase classname="tests.test_capabilities" name="test_capability_index_file[minimum-energy-path]" time="0.000" /><testcase classname="tests.test_capabilities" name="test_capability_index_file[kinetic-rate-estimate]" time="0.000" /><testcase classname="tests.test_capabilities" name="test_capability_index_file[system-building]" time="0.000" /><testcase classname="tests.test_capabilities" name="test_capability_index_file[force-field-selection]" time="0.000" /><testcase classname="tests.test_capabilities" name="test_capability_index_file[energy-minimization]" time="0.000" /><testcase classname="tests.test_capabilities" name="test_capability_index_file[nvt-equilibration]" time="0.000" /><testcase classname="tests.test_capabilities" name="test_capability_index_file[npt-equilibration]" time="0.000" /><testcase classname="tests.test_capabilities" name="test_capability_index_file[production-md]" time="0.000" /><testcase classname="tests.test_capabilities" name="test_capability_index_file[trajectory-convergence]" time="0.000" /><testcase classname="tests.test_capabilities" name="test_capability_index_file[diffusion-coefficient]" time="0.000" /><testcase classname="tests.test_capabilities" name="test_capability_index_file[radial-distribution]" time="0.000" /><testcase classname="tests.test_capabilities" name="test_capability_index_file[polymer-chain-statistics]" time="0.000" /><testcase classname="tests.test_capabilities" name="test_capability_index_file[collective-variable-design]" time="0.000" /><testcase classname="tests.test_capabilities" name="test_capability_index_file[umbrella-sampling]" time="0.000" /><testcase classname="tests.test_capabilities" name="test_capability_index_file[metadynamics]" time="0.000" /><testcase classname="tests.test_capabilities" name="test_capability_index_file[wham-reconstruction]" time="0.000" /><testcase classname="tests.test_capabilities" name="test_capability_index_file[bias-convergence]" time="0.000" /><testcase classname="tests.test_capabilities" name="test_capability_index_file[replica-exchange]" time="0.000" /><testcase classname="tests.test_capabilities" name="test_capability_index_file[training-set-design]" time="0.000" /><testcase classname="tests.test_capabilities" name="test_capability_index_file[active-learning-loop]" time="0.000" /><testcase classname="tests.test_capabilities" name="test_capability_index_file[descriptor-selection]" time="0.000" /><testcase classname="tests.test_capabilities" name="test_capability_index_file[force-energy-validation]" time="0.000" /><testcase classname="tests.test_capabilities" name="test_capability_index_file[extrapolation-detection]" time="0.000" /><testcase classname="tests.test_capabilities" name="test_capability_index_file[deployment-benchmark]" time="0.000" /><testcase classname="tests.test_capabilities" name="test_capability_index_file[active-site-model]" time="0.000" /><testcase classname="tests.test_capabilities" name="test_capability_index_file[adsorbate-coverage]" time="0.000" /><testcase classname="tests.test_capabilities" name="test_capability_index_file[elementary-step-network]" time="0.000" /><testcase classname="tests.test_capabilities" name="test_capability_index_file[microkinetic-model]" time="0.000" /><testcase classname="tests.test_capabilities" name="test_capability_index_file[degree-of-rate-control]" time="0.000" /><testcase classname="tests.test_capabilities" name="test_capability_index_file[turnover-frequency]" time="0.000" /><testcase classname="tests.test_capabilities" name="test_capability_index_file[coverage-sensitivity]" time="0.000" /><testcase classname="tests.test_capabilities" name="test_capability_index_file[catalyst-screening]" time="0.000" /><testcase classname="tests.test_capabilities" name="test_capability_index_file[elementary-polymerization-network]" time="0.000" /><testcase classname="tests.test_capabilities" name="test_capability_index_file[moment-model]" time="0.000" /><testcase classname="tests.test_capabilities" name="test_capability_index_file[population-balance]" time="0.000" /><testcase classname="tests.test_capabilities" name="test_capability_index_file[molecular-weight-distribution]" time="0.000" /><testcase classname="tests.test_capabilities" name="test_capability_index_file[copolymer-composition]" time="0.000" /><testcase classname="tests.test_capabilities" name="test_capability_index_file[chain-transfer-analysis]" time="0.000" /><testcase classname="tests.test_capabilities" name="test_capability_index_file[parameter-estimation]" time="0.000" /><testcase classname="tests.test_capabilities" name="test_capability_index_file[identifiability-assessment]" time="0.000" /><testcase classname="tests.test_capabilities" name="test_capability_index_file[polymer-amorphous-cell]" time="0.000" /><testcase classname="tests.test_capabilities" name="test_capability_index_file[polymer-crystal-interface]" time="0.000" /><testcase classname="tests.test_capabilities" name="test_capability_index_file[filler-dispersion]" time="0.000" /><testcase classname="tests.test_capabilities" name="test_capability_index_file[selective-localization]" time="0.000" /><testcase classname="tests.test_capabilities" name="test_capability_index_file[interfacial-adhesion]" time="0.000" /><testcase classname="tests.test_capabilities" name="test_capability_index_file[percolation-network]" time="0.000" /><testcase classname="tests.test_capabilities" name="test_capability_index_file[rheology-structure-link]" time="0.000" /><testcase classname="tests.test_capabilities" name="test_capability_index_file[thermal-aging-model]" time="0.000" /><testcase classname="tests.test_capabilities" name="test_capability_index_file[dielectric-property-model]" time="0.000" /><testcase classname="tests.test_capabilities" name="test_capability_index_file[structure-property-map]" time="0.000" /><testcase classname="tests.test_capabilities" name="test_capability_index_file[governing-equation-contract]" time="0.000" /><testcase classname="tests.test_capabilities" name="test_capability_index_file[weak-form-verification]" time="0.000" /><testcase classname="tests.test_capabilities" name="test_capability_index_file[mesh-convergence]" time="0.000" /><testcase classname="tests.test_capabilities" name="test_capability_index_file[time-step-convergence]" time="0.000" /><testcase classname="tests.test_capabilities" name="test_capability_index_file[constitutive-model]" time="0.000" /><testcase classname="tests.test_capabilities" name="test_capability_index_file[boundary-condition-audit]" time="0.000" /><testcase classname="tests.test_capabilities" name="test_capability_index_file[solver-tolerance-study]" time="0.000" /><testcase classname="tests.test_capabilities" name="test_capability_index_file[verification-benchmark]" time="0.000" /><testcase classname="tests.test_capabilities" name="test_capability_index_file[thermo-mechanical-coupling]" time="0.000" /><testcase classname="tests.test_capabilities" name="test_capability_index_file[electro-thermal-coupling]" time="0.000" /><testcase classname="tests.test_capabilities" name="test_capability_index_file[electro-mechanical-coupling]" time="0.000" /><testcase classname="tests.test_capabilities" name="test_capability_index_file[transport-reaction-coupling]" time="0.000" /><testcase classname="tests.test_capabilities" name="test_capability_index_file[partitioned-coupling]" time="0.000" /><testcase classname="tests.test_capabilities" name="test_capability_index_file[monolithic-coupling]" time="0.000" /><testcase classname="tests.test_capabilities" name="test_capability_index_file[coupling-convergence]" time="0.000" /><testcase classname="tests.test_capabilities" name="test_capability_index_file[energy-balance-validation]" time="0.000" /><testcase classname="tests.test_capabilities" name="test_capability_index_file[flow-domain-definition]" time="0.000" /><testcase classname="tests.test_capabilities" name="test_capability_index_file[mesh-quality-audit]" time="0.000" /><testcase classname="tests.test_capabilities" name="test_capability_index_file[laminar-flow-model]" time="0.000" /><testcase classname="tests.test_capabilities" name="test_capability_index_file[turbulence-model-selection]" time="0.000" /><testcase classname="tests.test_capabilities" name="test_capability_index_file[multiphase-model-selection]" time="0.000" /><testcase classname="tests.test_capabilities" name="test_capability_index_file[heat-transfer-model]" time="0.000" /><testcase classname="tests.test_capabilities" name="test_capability_index_file[species-transport]" time="0.000" /><testcase classname="tests.test_capabilities" name="test_capability_index_file[pressure-velocity-coupling]" time="0.000" /><testcase classname="tests.test_capabilities" name="test_capability_index_file[cfd-convergence]" time="0.000" /><testcase classname="tests.test_capabilities" name="test_capability_index_file[mass-balance-validation]" time="0.000" /><testcase classname="tests.test_capabilities" name="test_capability_index_file[nonnewtonian-rheology]" time="0.000" /><testcase classname="tests.test_capabilities" name="test_capability_index_file[viscosity-parameter-fit]" time="0.000" /><testcase classname="tests.test_capabilities" name="test_capability_index_file[die-flow-model]" time="0.000" /><testcase classname="tests.test_capabilities" name="test_capability_index_file[screw-channel-model]" time="0.000" /><testcase classname="tests.test_capabilities" name="test_capability_index_file[residence-time-distribution]" time="0.000" /><testcase classname="tests.test_capabilities" name="test_capability_index_file[extrudate-quality-map]" time="0.000" /><testcase classname="tests.test_capabilities" name="test_capability_index_file[component-property-package]" time="0.000" /><testcase classname="tests.test_capabilities" name="test_capability_index_file[flowsheet-topology]" time="0.000" /><testcase classname="tests.test_capabilities" name="test_capability_index_file[unit-operation-model]" time="0.000" /><testcase classname="tests.test_capabilities" name="test_capability_index_file[recycle-convergence]" time="0.000" /><testcase classname="tests.test_capabilities" name="test_capability_index_file[process-energy-balance]" time="0.000" /><testcase classname="tests.test_capabilities" name="test_capability_index_file[process-mass-balance]" time="0.000" /><testcase classname="tests.test_capabilities" name="test_capability_index_file[process-optimization]" time="0.000" /><testcase classname="tests.test_capabilities" name="test_capability_index_file[process-sensitivity]" time="0.000" /><testcase classname="tests.test_capabilities" name="test_capability_index_file[commercial-simulator-handoff]" time="0.000" /><testcase classname="tests.test_capabilities" name="test_capability_index_file[flowsheet-uncertainty]" time="0.000" /><testcase classname="tests.test_capabilities" name="test_capability_index_file[cstr-model]" time="0.001" /><testcase classname="tests.test_capabilities" name="test_capability_index_file[pfr-model]" time="0.000" /><testcase classname="tests.test_capabilities" name="test_capability_index_file[batch-reactor-model]" time="0.000" /><testcase classname="tests.test_capabilities" name="test_capability_index_file[residence-time-model]" time="0.000" /><testcase classname="tests.test_capabilities" name="test_capability_index_file[heat-removal-analysis]" time="0.000" /><testcase classname="tests.test_capabilities" name="test_capability_index_file[runaway-screening]" time="0.000" /><testcase classname="tests.test_capabilities" name="test_capability_index_file[reactor-scale-up]" time="0.000" /><testcase classname="tests.test_capabilities" name="test_capability_index_file[reactor-parameter-fit]" time="0.000" /><testcase classname="tests.test_capabilities" name="test_capability_index_file[dynamic-inventory-model]" time="0.000" /><testcase classname="tests.test_capabilities" name="test_capability_index_file[startup-shutdown-sequence]" time="0.000" /><testcase classname="tests.test_capabilities" name="test_capability_index_file[pid-loop-model]" time="0.000" /><testcase classname="tests.test_capabilities" name="test_capability_index_file[control-structure-selection]" time="0.000" /><testcase classname="tests.test_capabilities" name="test_capability_index_file[disturbance-scenario]" time="0.000" /><testcase classname="tests.test_capabilities" name="test_capability_index_file[dynamic-model-validation]" time="0.000" /><testcase classname="tests.test_capabilities" name="test_capability_index_file[state-estimation]" time="0.000" /><testcase classname="tests.test_capabilities" name="test_capability_index_file[control-safety-boundary]" time="0.000" /><testcase classname="tests.test_capabilities" name="test_capability_index_file[twin-scope-contract]" time="0.000" /><testcase classname="tests.test_capabilities" name="test_capability_index_file[soft-sensor-model]" time="0.000" /><testcase classname="tests.test_capabilities" name="test_capability_index_file[online-parameter-update]" time="0.000" /><testcase classname="tests.test_capabilities" name="test_capability_index_file[drift-detection]" time="0.000" /><testcase classname="tests.test_capabilities" name="test_capability_index_file[applicability-domain]" time="0.000" /><testcase classname="tests.test_capabilities" name="test_capability_index_file[decision-support-boundary]" time="0.000" /><testcase classname="tests.test_capabilities" name="test_capability_index_file[dft-to-kinetics]" time="0.000" /><testcase classname="tests.test_capabilities" name="test_capability_index_file[dft-to-forcefield]" time="0.000" /><testcase classname="tests.test_capabilities" name="test_capability_index_file[dft-to-mlp]" time="0.000" /><testcase classname="tests.test_capabilities" name="test_capability_index_file[md-to-continuum]" time="0.000" /><testcase classname="tests.test_capabilities" name="test_capability_index_file[md-to-rheology]" time="0.000" /><testcase classname="tests.test_capabilities" name="test_capability_index_file[morphology-to-property]" time="0.000" /><testcase classname="tests.test_capabilities" name="test_capability_index_file[pbe-to-flowsheet]" time="0.000" /><testcase classname="tests.test_capabilities" name="test_capability_index_file[cfd-to-equipment]" time="0.000" /><testcase classname="tests.test_capabilities" name="test_capability_index_file[experiment-to-calibration]" time="0.000" /><testcase classname="tests.test_capabilities" name="test_capability_index_file[handoff-uncertainty]" time="0.000" /><testcase classname="tests.test_capabilities" name="test_capability_index_file[environment-probe]" time="0.000" /><testcase classname="tests.test_capabilities" name="test_capability_index_file[resource-estimation]" time="0.000" /><testcase classname="tests.test_capabilities" name="test_capability_index_file[slurm-submission]" time="0.000" /><testcase classname="tests.test_capabilities" name="test_capability_index_file[pbs-submission]" time="0.000" /><testcase classname="tests.test_capabilities" name="test_capability_index_file[checkpoint-restart]" time="0.000" /><testcase classname="tests.test_capabilities" name="test_capability_index_file[failure-classification]" time="0.000" /><testcase classname="tests.test_capabilities" name="test_capability_index_file[bounded-recovery]" time="0.000" /><testcase classname="tests.test_capabilities" name="test_capability_index_file[artifact-packaging]" time="0.000" /><testcase classname="tests.test_core" name="test_001_contract_roundtrip" time="0.000" /><testcase classname="tests.test_core" name="test_002_contract_missing" time="0.000" /><testcase classname="tests.test_core" name="test_003_contract_empty_observable" time="0.000" /><testcase classname="tests.test_core" name="test_004_handoff_valid" time="0.000" /><testcase classname="tests.test_core" name="test_005_handoff_invalid" time="0.000" /><testcase classname="tests.test_core" name="test_006_state_happy_path" time="0.000" /><testcase classname="tests.test_core" name="test_007_state_skip_rejected" time="0.000" /><testcase classname="tests.test_core" name="test_008_state_evidence_required" time="0.000" /><testcase classname="tests.test_core" name="test_009_route_quantum" time="0.000" /><testcase classname="tests.test_core" name="test_010_route_cfd" time="0.000" /><testcase classname="tests.test_core" name="test_011_route_process" time="0.000" /><testcase classname="tests.test_core" name="test_012_route_fallback" time="0.001" /><testcase classname="tests.test_core" name="test_013_numerical_finite" time="0.000" /><testcase classname="tests.test_core" name="test_014_convergence" time="0.000" /><testcase classname="tests.test_core" name="test_015_balance" time="0.000" /><testcase classname="tests.test_core" name="test_016_units" time="0.000" /><testcase classname="tests.test_core" name="test_017_acceptance_fail_closed" time="0.000" /><testcase classname="tests.test_core" name="test_018_acceptance_pass" time="0.000" /><testcase classname="tests.test_core" name="test_019_uncertainty" time="0.000" /><testcase classname="tests.test_core" name="test_020_confined_path" time="0.002" /><testcase classname="tests.test_core" name="test_021_confined_escape" time="0.001" /><testcase classname="tests.test_core" name="test_022_atomic_write" time="0.003" /><testcase classname="tests.test_core" name="test_023_safe_process" time="0.029" /><testcase classname="tests.test_core" name="test_024_project_init" time="0.004" /><testcase classname="tests.test_core" name="test_025_ledger" time="0.001" /><testcase classname="tests.test_core" name="test_026_adapter_registry" time="0.004" /><testcase classname="tests.test_core" name="test_027_workflow_engine" time="0.000" /><testcase classname="tests.test_core" name="test_028_repository_audit" time="0.024" /><testcase classname="tests.test_extended" name="test_adapter_build_command_and_parse" time="0.001" /><testcase classname="tests.test_extended" name="test_adapter_build_rejects_missing_input" time="0.001" /><testcase classname="tests.test_extended" name="test_adapter_build_rejects_unavailable" time="0.001" /><testcase classname="tests.test_extended" name="test_adapter_unknown_and_worker_floor" time="0.003" /><testcase classname="tests.test_extended" name="test_contract_rejects_invalid_fields[kwargs0-question]" time="0.001" /><testcase classname="tests.test_extended" name="test_contract_rejects_invalid_fields[kwargs1-system]" time="0.000" /><testcase classname="tests.test_extended" name="test_contract_rejects_invalid_fields[kwargs2-observables]" time="0.000" /><testcase classname="tests.test_extended" name="test_execution_plan_success_and_failure" time="0.056" /><testcase classname="tests.test_extended" name="test_safe_run_rejects_invalid_argv[argv0]" time="0.001" /><testcase classname="tests.test_extended" name="test_safe_run_rejects_invalid_argv[argv1]" time="0.001" /><testcase classname="tests.test_extended" name="test_safe_run_rejects_invalid_argv[argv2]" time="0.001" /><testcase classname="tests.test_extended" name="test_safe_run_validates_timeout_cwd_and_environment" time="0.029" /><testcase classname="tests.test_extended" name="test_project_validation_errors" time="0.004" /><testcase classname="tests.test_extended" name="test_manifest_and_registry_cache" time="0.005" /><testcase classname="tests.test_extended" name="test_routing_empty_and_explanation" time="0.001" /><testcase classname="tests.test_extended" name="test_state_invalid_initial_and_can_transition" time="0.000" /><testcase classname="tests.test_extended" name="test_uncertainty_budget_and_invalid_components" time="0.000" /><testcase classname="tests.test_extended" name="test_acceptance_requires_human_approval" time="0.000" /><testcase classname="tests.test_extended" name="test_convergence_invalid_input" time="0.000" /><testcase classname="tests.test_extended" name="test_workflow_explicit_unknown_and_initial_gates" time="0.000" /><testcase classname="tests.test_extended" name="test_ledger_read_missing" time="0.001" /><testcase classname="tests.test_extended" name="test_cli_route_and_lists" time="0.010" /><testcase classname="tests.test_extended" name="test_cli_probe_init_and_contract" time="0.010" /><testcase classname="tests.test_extended" name="test_cli_repository_and_error" time="0.026" /><testcase classname="tests.test_extended" name="test_module_entrypoint_version" time="0.002" /><testcase classname="tests.test_extended" name="test_repository_audit_detects_empty_tree" time="0.005" /><testcase classname="tests.test_extended" name="test_repository_audit_detects_version_asset_and_symlink" time="0.064" /><testcase classname="tests.test_extended" name="test_repository_audit_detects_registry_contract_faults" time="0.013" /><testcase classname="tests.test_security_scan" name="test_security_scan_ignores_generated_directories_and_reports_findings" time="0.005" /><testcase classname="tests.test_workflows" name="test_workflow_record[scale-selection]" time="0.000" /><testcase classname="tests.test_workflows" name="test_workflow_record[quantum-chemistry]" time="0.000" /><testcase classname="tests.test_workflows" name="test_workflow_record[periodic-dft]" time="0.000" /><testcase classname="tests.test_workflows" name="test_workflow_record[reaction-path]" time="0.000" /><testcase classname="tests.test_workflows" name="test_workflow_record[molecular-dynamics]" time="0.000" /><testcase classname="tests.test_workflows" name="test_workflow_record[enhanced-sampling]" time="0.000" /><testcase classname="tests.test_workflows" name="test_workflow_record[machine-learning-potential]" time="0.000" /><testcase classname="tests.test_workflows" name="test_workflow_record[catalysis]" time="0.000" /><testcase classname="tests.test_workflows" name="test_workflow_record[polymerization]" time="0.000" /><testcase classname="tests.test_workflows" name="test_workflow_record[polymer-composite]" time="0.000" /><testcase classname="tests.test_workflows" name="test_workflow_record[finite-element]" time="0.000" /><testcase classname="tests.test_workflows" name="test_workflow_record[multiphysics]" time="0.000" /><testcase classname="tests.test_workflows" name="test_workflow_record[cfd]" time="0.000" /><testcase classname="tests.test_workflows" name="test_workflow_record[extrusion]" time="0.000" /><testcase classname="tests.test_workflows" name="test_workflow_record[process-simulation]" time="0.000" /><testcase classname="tests.test_workflows" name="test_workflow_record[reactor-engineering]" time="0.000" /><testcase classname="tests.test_workflows" name="test_workflow_record[dynamic-control]" time="0.000" /><testcase classname="tests.test_workflows" name="test_workflow_record[digital-twin]" time="0.000" /><testcase classname="tests.test_workflows" name="test_workflow_record[multiscale-coupling]" time="0.000" /><testcase classname="tests.test_workflows" name="test_workflow_record[hpc-execution]" time="0.000" /></testsuite></testsuites>